<?xml version="1.0" encoding="UTF-8"?>
<!-- Generated by org.testng.reporters.JUnitReportReporter -->
<testsuite hostname="DESKTOP-HHI39E0" failures="0" tests="2" name="com.selenium.utilities.Reporting" time="0.061" errors="0" timestamp="2020-06-25T15:36:45 IST" skipped="0">
  <testcase classname="com.selenium.utilities.Reporting" name="testMethod2" time="0.006"/>
  <testcase classname="com.selenium.utilities.Reporting" name="testMethod1" time="0.055"/>
</testsuite> <!-- com.selenium.utilities.Reporting -->
