<?xml version="1.0" encoding="UTF-8"?>
<!-- Generated by org.testng.reporters.JUnitReportReporter -->
<testsuite hostname="DESKTOP-HHI39E0" failures="0" tests="1" name="com.selenium.testCases.Tc_LoginTest_001" time="6.103" errors="0" timestamp="2020-06-25T11:13:20 IST" skipped="0">
  <testcase classname="com.selenium.testCases.Tc_LoginTest_001" name="loginTest" time="6.103"/>
</testsuite> <!-- com.selenium.testCases.Tc_LoginTest_001 -->
